/*C501*/SET SCHEMA PUBLIC
DISCONNECT
/*C502*/SET SCHEMA PUBLIC
INSERT INTO RECIPES VALUES(57,'test name','test author','default guide')
COMMIT
DISCONNECT
/*C503*/SET SCHEMA PUBLIC
INSERT INTO INGREDIENTS VALUES(57,'test ing1','test qty1')
INSERT INTO INGREDIENTS VALUES(57,'test ing2','test qty2')
COMMIT
DISCONNECT
/*C504*/SET SCHEMA PUBLIC
DELETE FROM INGREDIENTS WHERE RECIPE_ID=57 AND INGREDIENT='test ing1' AND QUANTITY='test qty1'
DELETE FROM INGREDIENTS WHERE RECIPE_ID=57 AND INGREDIENT='test ing2' AND QUANTITY='test qty2'
COMMIT
DELETE FROM RECIPES WHERE ID=57 AND RECIPE_NAME='test name' AND AUTHOR='test author' AND GUIDE='default guide'
INSERT INTO RECIPES VALUES(57,'modified name','modified author','modified guide')
COMMIT
DISCONNECT
/*C505*/SET SCHEMA PUBLIC
INSERT INTO INGREDIENTS VALUES(57,'test ing1','test qty1')
INSERT INTO INGREDIENTS VALUES(57,'test ing2','test qty2')
COMMIT
DISCONNECT
/*C506*/SET SCHEMA PUBLIC
DISCONNECT
/*C507*/SET SCHEMA PUBLIC
INSERT INTO RECIPES VALUES(58,'test name','test author','default guide')
COMMIT
DISCONNECT
/*C508*/SET SCHEMA PUBLIC
INSERT INTO INGREDIENTS VALUES(58,'test ing1','test qty1')
INSERT INTO INGREDIENTS VALUES(58,'test ing2','test qty2')
COMMIT
DISCONNECT
/*C509*/SET SCHEMA PUBLIC
DELETE FROM INGREDIENTS WHERE RECIPE_ID=58 AND INGREDIENT='test ing1' AND QUANTITY='test qty1'
DELETE FROM INGREDIENTS WHERE RECIPE_ID=58 AND INGREDIENT='test ing2' AND QUANTITY='test qty2'
COMMIT
DELETE FROM RECIPES WHERE ID=58 AND RECIPE_NAME='test name' AND AUTHOR='test author' AND GUIDE='default guide'
COMMIT
DISCONNECT
/*C510*/SET SCHEMA PUBLIC
DISCONNECT
/*C511*/SET SCHEMA PUBLIC
DISCONNECT
/*C512*/SET SCHEMA PUBLIC
DISCONNECT
/*C513*/SET SCHEMA PUBLIC
DISCONNECT
/*C514*/SET SCHEMA PUBLIC
INSERT INTO RECIPES VALUES(59,'test name','test author','default guide')
COMMIT
DISCONNECT
/*C515*/SET SCHEMA PUBLIC
INSERT INTO INGREDIENTS VALUES(59,'test ing1','test qty1')
INSERT INTO INGREDIENTS VALUES(59,'test ing2','test qty2')
COMMIT
DISCONNECT
/*C516*/SET SCHEMA PUBLIC
DISCONNECT
/*C517*/SET SCHEMA PUBLIC
DISCONNECT
/*C518*/SET SCHEMA PUBLIC
DISCONNECT
/*C519*/SET SCHEMA PUBLIC
DISCONNECT
/*C520*/SET SCHEMA PUBLIC
DISCONNECT
/*C521*/SET SCHEMA PUBLIC
DISCONNECT
/*C522*/SET SCHEMA PUBLIC
DISCONNECT
/*C523*/SET SCHEMA PUBLIC
INSERT INTO RECIPES VALUES(60,'test name','test author','default guide')
COMMIT
DISCONNECT
/*C524*/SET SCHEMA PUBLIC
INSERT INTO INGREDIENTS VALUES(60,'test ing1','test qty1')
INSERT INTO INGREDIENTS VALUES(60,'test ing2','test qty2')
COMMIT
DISCONNECT
/*C525*/SET SCHEMA PUBLIC
DELETE FROM INGREDIENTS WHERE RECIPE_ID=60 AND INGREDIENT='test ing1' AND QUANTITY='test qty1'
DELETE FROM INGREDIENTS WHERE RECIPE_ID=60 AND INGREDIENT='test ing2' AND QUANTITY='test qty2'
COMMIT
DELETE FROM RECIPES WHERE ID=60 AND RECIPE_NAME='test name' AND AUTHOR='test author' AND GUIDE='default guide'
INSERT INTO RECIPES VALUES(60,'modified name','modified author','modified guide')
COMMIT
DISCONNECT
/*C526*/SET SCHEMA PUBLIC
INSERT INTO INGREDIENTS VALUES(60,'test ing1','test qty1')
INSERT INTO INGREDIENTS VALUES(60,'test ing2','test qty2')
COMMIT
DISCONNECT
/*C527*/SET SCHEMA PUBLIC
DISCONNECT
/*C528*/SET SCHEMA PUBLIC
INSERT INTO RECIPES VALUES(61,'test name','test author','default guide')
COMMIT
DISCONNECT
/*C529*/SET SCHEMA PUBLIC
INSERT INTO INGREDIENTS VALUES(61,'test ing1','test qty1')
INSERT INTO INGREDIENTS VALUES(61,'test ing2','test qty2')
COMMIT
DISCONNECT
/*C530*/SET SCHEMA PUBLIC
DELETE FROM INGREDIENTS WHERE RECIPE_ID=61 AND INGREDIENT='test ing1' AND QUANTITY='test qty1'
DELETE FROM INGREDIENTS WHERE RECIPE_ID=61 AND INGREDIENT='test ing2' AND QUANTITY='test qty2'
COMMIT
DELETE FROM RECIPES WHERE ID=61 AND RECIPE_NAME='test name' AND AUTHOR='test author' AND GUIDE='default guide'
COMMIT
DISCONNECT
/*C531*/SET SCHEMA PUBLIC
DISCONNECT
/*C532*/SET SCHEMA PUBLIC
DISCONNECT
/*C533*/SET SCHEMA PUBLIC
DISCONNECT
/*C534*/SET SCHEMA PUBLIC
DISCONNECT
/*C535*/SET SCHEMA PUBLIC
INSERT INTO RECIPES VALUES(62,'test name','test author','default guide')
COMMIT
DISCONNECT
/*C536*/SET SCHEMA PUBLIC
INSERT INTO INGREDIENTS VALUES(62,'test ing1','test qty1')
INSERT INTO INGREDIENTS VALUES(62,'test ing2','test qty2')
COMMIT
DISCONNECT
/*C537*/SET SCHEMA PUBLIC
DISCONNECT
/*C538*/SET SCHEMA PUBLIC
DISCONNECT
/*C539*/SET SCHEMA PUBLIC
DISCONNECT
/*C540*/SET SCHEMA PUBLIC
DISCONNECT
/*C541*/SET SCHEMA PUBLIC
DISCONNECT
/*C542*/SET SCHEMA PUBLIC
DISCONNECT
/*C543*/SET SCHEMA PUBLIC
DISCONNECT
/*C544*/SET SCHEMA PUBLIC
INSERT INTO RECIPES VALUES(63,'test name','test author','default guide')
COMMIT
DISCONNECT
/*C545*/SET SCHEMA PUBLIC
INSERT INTO INGREDIENTS VALUES(63,'test ing1','test qty1')
INSERT INTO INGREDIENTS VALUES(63,'test ing2','test qty2')
COMMIT
DISCONNECT
/*C546*/SET SCHEMA PUBLIC
DELETE FROM INGREDIENTS WHERE RECIPE_ID=63 AND INGREDIENT='test ing1' AND QUANTITY='test qty1'
DELETE FROM INGREDIENTS WHERE RECIPE_ID=63 AND INGREDIENT='test ing2' AND QUANTITY='test qty2'
COMMIT
DELETE FROM RECIPES WHERE ID=63 AND RECIPE_NAME='test name' AND AUTHOR='test author' AND GUIDE='default guide'
INSERT INTO RECIPES VALUES(63,'modified name','modified author','modified guide')
COMMIT
DISCONNECT
/*C547*/SET SCHEMA PUBLIC
INSERT INTO INGREDIENTS VALUES(63,'test ing1','test qty1')
INSERT INTO INGREDIENTS VALUES(63,'test ing2','test qty2')
COMMIT
DISCONNECT
/*C548*/SET SCHEMA PUBLIC
DISCONNECT
/*C549*/SET SCHEMA PUBLIC
INSERT INTO RECIPES VALUES(64,'test name','test author','default guide')
COMMIT
DISCONNECT
/*C550*/SET SCHEMA PUBLIC
INSERT INTO INGREDIENTS VALUES(64,'test ing1','test qty1')
INSERT INTO INGREDIENTS VALUES(64,'test ing2','test qty2')
COMMIT
DISCONNECT
/*C551*/SET SCHEMA PUBLIC
DELETE FROM INGREDIENTS WHERE RECIPE_ID=64 AND INGREDIENT='test ing1' AND QUANTITY='test qty1'
DELETE FROM INGREDIENTS WHERE RECIPE_ID=64 AND INGREDIENT='test ing2' AND QUANTITY='test qty2'
COMMIT
DELETE FROM RECIPES WHERE ID=64 AND RECIPE_NAME='test name' AND AUTHOR='test author' AND GUIDE='default guide'
COMMIT
DISCONNECT
/*C552*/SET SCHEMA PUBLIC
DISCONNECT
/*C553*/SET SCHEMA PUBLIC
DISCONNECT
/*C554*/SET SCHEMA PUBLIC
DISCONNECT
/*C555*/SET SCHEMA PUBLIC
DISCONNECT
/*C556*/SET SCHEMA PUBLIC
INSERT INTO RECIPES VALUES(65,'test name','test author','default guide')
COMMIT
DISCONNECT
/*C557*/SET SCHEMA PUBLIC
INSERT INTO INGREDIENTS VALUES(65,'test ing1','test qty1')
INSERT INTO INGREDIENTS VALUES(65,'test ing2','test qty2')
COMMIT
DISCONNECT
/*C558*/SET SCHEMA PUBLIC
DISCONNECT
/*C559*/SET SCHEMA PUBLIC
DISCONNECT
/*C560*/SET SCHEMA PUBLIC
DISCONNECT
/*C561*/SET SCHEMA PUBLIC
DISCONNECT
/*C562*/SET SCHEMA PUBLIC
DISCONNECT
/*C563*/SET SCHEMA PUBLIC
DISCONNECT
